2019-11-30 15:47:42 [INFO]服务器开启 
2019-11-30 15:47:46 [INFO]开始读取文件 
2019-11-30 15:47:46 [INFO]读取文件完成 
2019-11-30 15:47:46 [INFO]开始备份文件 
2019-11-30 15:47:46 [INFO]备份完成 
2019-11-30 15:47:46 [INFO]温度总条数:35457条 
2019-11-30 15:47:46 [INFO]湿度总条数:35457条 
2019-11-30 15:47:46 [INFO]光照强度条数:26069条 
2019-11-30 15:47:46 [INFO]二氧化碳浓度数:11116条 
2019-11-30 15:47:46 [INFO]总计：108099 
2019-11-30 15:47:46 [INFO]连接服务器成功 
2019-11-30 15:47:46 [INFO]开始接受数据 
2019-11-30 15:47:46 [INFO]开始发送数据 
2019-11-30 15:47:51 [INFO]发送完成 
2019-11-30 15:47:51 [INFO]接收数据完成 
2019-11-30 15:47:51 [INFO]数据开始持久化 
2019-11-30 15:47:52 [INFO]持久化完成 
2019-11-30 15:47:52 [INFO]服务器关闭 
2019-11-30 18:03:26 [INFO]服务器开启 
2019-11-30 18:03:33 [INFO]开始读取文件 
2019-11-30 18:03:33 [INFO]删除备份文件 
2019-11-30 18:03:33 [INFO]读取文件完成 
2019-11-30 18:03:33 [INFO]开始备份文件 
2019-11-30 18:03:33 [INFO]备份完成 
2019-11-30 18:03:33 [INFO]温度总条数:0条 
2019-11-30 18:03:33 [INFO]湿度总条数:0条 
2019-11-30 18:03:33 [INFO]光照强度条数:0条 
2019-11-30 18:03:33 [INFO]二氧化碳浓度数:0条 
2019-11-30 18:03:33 [INFO]总计：0 
2019-11-30 18:03:33 [INFO]连接服务器成功 
2019-11-30 18:03:33 [INFO]开始接受数据 
2019-11-30 18:03:33 [INFO]开始发送数据 
2019-11-30 18:03:33 [INFO]发送完成 
2019-11-30 18:03:33 [INFO]接收数据完成 
2019-11-30 18:03:33 [INFO]数据开始持久化 
2019-11-30 18:03:34 [INFO]持久化完成 
2019-11-30 18:03:34 [INFO]服务器关闭 
2019-11-30 19:01:11 [INFO]服务器开启 
2019-11-30 19:01:15 [INFO]开始读取文件 
2019-11-30 19:01:15 [INFO]删除备份文件 
2019-11-30 19:01:15 [INFO]读取文件完成 
2019-11-30 19:01:15 [INFO]开始备份文件 
2019-11-30 19:01:15 [INFO]备份完成 
2019-11-30 19:01:15 [INFO]温度总条数:0条 
2019-11-30 19:01:15 [INFO]湿度总条数:0条 
2019-11-30 19:01:15 [INFO]光照强度条数:0条 
2019-11-30 19:01:15 [INFO]二氧化碳浓度数:0条 
2019-11-30 19:01:15 [INFO]总计：0 
2019-11-30 19:01:15 [INFO]开始接受数据 
2019-11-30 19:01:15 [INFO]连接服务器成功 
2019-11-30 19:01:15 [INFO]开始发送数据 
2019-11-30 19:01:15 [INFO]发送完成 
2019-11-30 19:01:15 [INFO]接收数据完成 
2019-11-30 19:01:15 [INFO]数据开始持久化 
2019-11-30 19:01:50 [INFO]服务器开启 
2019-11-30 19:01:54 [INFO]开始读取文件 
2019-11-30 19:01:54 [INFO]读取文件完成 
2019-11-30 19:01:54 [INFO]开始备份文件 
2019-11-30 19:01:54 [INFO]备份完成 
2019-11-30 19:01:54 [INFO]温度总条数:35457条 
2019-11-30 19:01:54 [INFO]湿度总条数:35457条 
2019-11-30 19:01:54 [INFO]光照强度条数:26069条 
2019-11-30 19:01:54 [INFO]二氧化碳浓度数:11116条 
2019-11-30 19:01:54 [INFO]总计：108099 
2019-11-30 19:01:54 [INFO]连接服务器成功 
2019-11-30 19:01:54 [INFO]开始接受数据 
2019-11-30 19:01:54 [INFO]开始发送数据 
2019-11-30 19:02:00 [INFO]发送完成 
2019-11-30 19:02:00 [INFO]接收数据完成 
2019-11-30 19:02:00 [INFO]数据开始持久化 
2019-11-30 19:02:01 [INFO]持久化完成 
2019-11-30 19:02:01 [INFO]服务器关闭 
2019-11-30 19:03:32 [INFO]服务器开启 
2019-11-30 19:03:36 [INFO]开始读取文件 
2019-11-30 19:03:36 [INFO]读取文件完成 
2019-11-30 19:03:36 [INFO]开始备份文件 
2019-11-30 19:03:36 [INFO]备份完成 
2019-11-30 19:03:36 [INFO]温度总条数:35457条 
2019-11-30 19:03:36 [INFO]湿度总条数:35457条 
2019-11-30 19:03:36 [INFO]光照强度条数:26069条 
2019-11-30 19:03:36 [INFO]二氧化碳浓度数:11116条 
2019-11-30 19:03:36 [INFO]总计：108099 
2019-11-30 19:03:36 [INFO]连接服务器成功 
2019-11-30 19:03:36 [INFO]开始接受数据 
2019-11-30 19:03:36 [INFO]开始发送数据 
2019-11-30 19:03:41 [INFO]发送完成 
2019-11-30 19:03:41 [INFO]接收数据完成 
2019-11-30 19:03:41 [INFO]数据开始持久化 
2019-11-30 19:03:42 [INFO]持久化完成 
2019-11-30 19:03:42 [INFO]服务器关闭 
2019-11-30 19:04:47 [INFO]服务器开启 
2019-11-30 19:04:52 [INFO]开始读取文件 
2019-11-30 19:04:52 [INFO]读取文件完成 
2019-11-30 19:04:52 [INFO]开始备份文件 
2019-11-30 19:04:52 [INFO]备份完成 
2019-11-30 19:04:52 [INFO]温度总条数:35457条 
2019-11-30 19:04:52 [INFO]湿度总条数:35457条 
2019-11-30 19:04:52 [INFO]光照强度条数:26069条 
2019-11-30 19:04:52 [INFO]二氧化碳浓度数:11116条 
2019-11-30 19:04:52 [INFO]总计：108099 
2019-11-30 19:04:52 [INFO]连接服务器成功 
2019-11-30 19:04:52 [INFO]开始接受数据 
2019-11-30 19:04:52 [INFO]开始发送数据 
2019-11-30 19:04:57 [INFO]发送完成 
2019-11-30 19:04:57 [INFO]接收数据完成 
2019-11-30 19:04:57 [INFO]数据开始持久化 
2019-11-30 19:04:58 [INFO]持久化完成 
2019-11-30 19:04:58 [INFO]服务器关闭 
2019-11-30 19:13:04 [INFO]服务器开启 
2019-11-30 19:13:08 [INFO]开始读取文件 
2019-11-30 19:13:08 [INFO]删除备份文件 
2019-11-30 19:13:08 [INFO]读取文件完成 
2019-11-30 19:13:08 [INFO]开始备份文件 
2019-11-30 19:13:08 [INFO]备份完成 
2019-11-30 19:13:08 [INFO]温度总条数:0条 
2019-11-30 19:13:08 [INFO]湿度总条数:0条 
2019-11-30 19:13:08 [INFO]光照强度条数:0条 
2019-11-30 19:13:08 [INFO]二氧化碳浓度数:0条 
2019-11-30 19:13:08 [INFO]总计：0 
2019-11-30 19:13:08 [INFO]开始接受数据 
2019-11-30 19:13:08 [INFO]连接服务器成功 
2019-11-30 19:13:08 [INFO]开始发送数据 
2019-11-30 19:13:08 [INFO]发送完成 
2019-11-30 19:13:08 [INFO]接收数据完成 
2019-11-30 19:13:08 [INFO]数据开始持久化 
2019-11-30 19:16:39 [INFO]服务器开启 
2019-11-30 19:16:43 [INFO]开始读取文件 
2019-11-30 19:16:43 [INFO]删除备份文件 
2019-11-30 19:16:43 [INFO]读取文件完成 
2019-11-30 19:16:43 [INFO]开始备份文件 
2019-11-30 19:16:43 [INFO]备份完成 
2019-11-30 19:16:43 [INFO]温度总条数:0条 
2019-11-30 19:16:43 [INFO]湿度总条数:0条 
2019-11-30 19:16:43 [INFO]光照强度条数:0条 
2019-11-30 19:16:43 [INFO]二氧化碳浓度数:0条 
2019-11-30 19:16:43 [INFO]总计：0 
2019-11-30 19:16:43 [INFO]开始接受数据 
2019-11-30 19:16:43 [INFO]连接服务器成功 
2019-11-30 19:16:43 [INFO]开始发送数据 
2019-11-30 19:16:43 [INFO]发送完成 
2019-11-30 19:16:43 [INFO]接收数据完成 
2019-11-30 19:16:43 [INFO]数据开始持久化 
2019-11-30 19:23:17 [INFO]服务器开启 
2019-11-30 19:23:21 [INFO]开始读取文件 
2019-11-30 19:23:21 [INFO]删除备份文件 
2019-11-30 19:23:21 [INFO]读取文件完成 
2019-11-30 19:23:21 [INFO]开始备份文件 
2019-11-30 19:23:21 [INFO]备份完成 
2019-11-30 19:23:21 [INFO]温度总条数:0条 
2019-11-30 19:23:21 [INFO]湿度总条数:0条 
2019-11-30 19:23:21 [INFO]光照强度条数:0条 
2019-11-30 19:23:21 [INFO]二氧化碳浓度数:0条 
2019-11-30 19:23:21 [INFO]总计：0 
2019-11-30 19:23:21 [INFO]连接服务器成功 
2019-11-30 19:23:21 [INFO]开始接受数据 
2019-11-30 19:23:21 [INFO]开始发送数据 
2019-11-30 19:23:21 [INFO]发送完成 
2019-11-30 19:23:21 [INFO]接收数据完成 
2019-11-30 19:23:21 [INFO]数据开始持久化 
2019-11-30 19:27:14 [INFO]服务器开启 
2019-11-30 19:27:19 [INFO]开始读取文件 
2019-11-30 19:27:19 [INFO]删除备份文件 
2019-11-30 19:27:19 [INFO]读取文件完成 
2019-11-30 19:27:19 [INFO]开始备份文件 
2019-11-30 19:27:19 [INFO]备份完成 
2019-11-30 19:27:19 [INFO]温度总条数:0条 
2019-11-30 19:27:19 [INFO]湿度总条数:0条 
2019-11-30 19:27:19 [INFO]光照强度条数:0条 
2019-11-30 19:27:19 [INFO]二氧化碳浓度数:0条 
2019-11-30 19:27:19 [INFO]总计：0 
2019-11-30 19:27:19 [INFO]连接服务器成功 
2019-11-30 19:27:19 [INFO]开始接受数据 
2019-11-30 19:27:19 [INFO]开始发送数据 
2019-11-30 19:27:19 [INFO]发送完成 
2019-11-30 19:27:19 [INFO]接收数据完成 
2019-11-30 19:27:19 [INFO]数据开始持久化 
2019-11-30 19:28:33 [INFO]服务器开启 
2019-11-30 19:28:37 [INFO]开始读取文件 
2019-11-30 19:28:37 [INFO]删除备份文件 
2019-11-30 19:28:37 [INFO]读取文件完成 
2019-11-30 19:28:37 [INFO]开始备份文件 
2019-11-30 19:28:37 [INFO]备份完成 
2019-11-30 19:28:37 [INFO]温度总条数:0条 
2019-11-30 19:28:37 [INFO]湿度总条数:0条 
2019-11-30 19:28:37 [INFO]光照强度条数:0条 
2019-11-30 19:28:37 [INFO]二氧化碳浓度数:0条 
2019-11-30 19:28:37 [INFO]总计：0 
2019-11-30 19:28:37 [INFO]开始接受数据 
2019-11-30 19:28:37 [INFO]连接服务器成功 
2019-11-30 19:28:37 [INFO]开始发送数据 
2019-11-30 19:28:37 [INFO]发送完成 
2019-11-30 19:28:37 [INFO]接收数据完成 
2019-11-30 19:28:37 [INFO]数据开始持久化 
2019-11-30 19:28:37 [INFO]持久化完成 
2019-11-30 19:28:37 [INFO]服务器关闭 
